 * Serving Flask app 'app'
 * Debug mode: on
[31m[1mWARNING: This is a development server. Do not use it in a production deployment. Use a production WSGI server instead.[0m
 * Running on all addresses (0.0.0.0)
 * Running on http://127.0.0.1:5000
 * Running on http://10.0.13.202:5000
[33mPress CTRL+C to quit[0m
 * Restarting with watchdog (inotify)
 * Debugger is active!
 * Debugger PIN: 436-295-801
127.0.0.1 - - [06/Mar/2025 11:51:17] "GET /get-config HTTP/1.1" 200 -
 * Detected change in '/workspaces/Raspberry-PI-Ambilight-Flask/Ambilight_Flask/static/python/config.py', reloading
 * Detected change in '/workspaces/Raspberry-PI-Ambilight-Flask/Ambilight_Flask/static/python/config.py', reloading
 * Detected change in '/workspaces/Raspberry-PI-Ambilight-Flask/Ambilight_Flask/static/python/config.py', reloading
Received from: Unknown
 * Restarting with watchdog (inotify)
 * Debugger is active!
 * Debugger PIN: 436-295-801
 * Detected change in '/workspaces/Raspberry-PI-Ambilight-Flask/Ambilight_Flask/static/python/config.py', reloading
 * Detected change in '/workspaces/Raspberry-PI-Ambilight-Flask/Ambilight_Flask/static/python/config.py', reloading
 * Detected change in '/workspaces/Raspberry-PI-Ambilight-Flask/Ambilight_Flask/static/python/config.py', reloading
 * Restarting with watchdog (inotify)
 * Debugger is active!
 * Debugger PIN: 436-295-801
 * Detected change in '/workspaces/Raspberry-PI-Ambilight-Flask/Ambilight_Flask/static/python/config.py', reloading
 * Detected change in '/workspaces/Raspberry-PI-Ambilight-Flask/Ambilight_Flask/static/python/config.py', reloading
 * Detected change in '/workspaces/Raspberry-PI-Ambilight-Flask/Ambilight_Flask/static/python/config.py', reloading
 * Restarting with watchdog (inotify)
 * Debugger is active!
 * Debugger PIN: 436-295-801
 * Detected change in '/workspaces/Raspberry-PI-Ambilight-Flask/Ambilight_Flask/static/python/config.py', reloading
 * Detected change in '/workspaces/Raspberry-PI-Ambilight-Flask/Ambilight_Flask/static/python/config.py', reloading
 * Restarting with watchdog (inotify)
 * Debugger is active!
 * Debugger PIN: 436-295-801
127.0.0.1 - - [06/Mar/2025 11:52:19] "GET /get-config HTTP/1.1" 200 -
 * Detected change in '/workspaces/Raspberry-PI-Ambilight-Flask/Ambilight_Flask/static/python/config.py', reloading
 * Detected change in '/workspaces/Raspberry-PI-Ambilight-Flask/Ambilight_Flask/static/python/config.py', reloading
 * Detected change in '/workspaces/Raspberry-PI-Ambilight-Flask/Ambilight_Flask/static/python/config.py', reloading
Received from: Unknown
 * Restarting with watchdog (inotify)
 * Debugger is active!
 * Debugger PIN: 436-295-801
 * Detected change in '/workspaces/Raspberry-PI-Ambilight-Flask/Ambilight_Flask/static/python/config.py', reloading
 * Detected change in '/workspaces/Raspberry-PI-Ambilight-Flask/Ambilight_Flask/static/python/config.py', reloading
 * Detected change in '/workspaces/Raspberry-PI-Ambilight-Flask/Ambilight_Flask/static/python/config.py', reloading
 * Restarting with watchdog (inotify)
 * Debugger is active!
 * Debugger PIN: 436-295-801
127.0.0.1 - - [06/Mar/2025 11:53:29] "GET /get-config HTTP/1.1" 200 -
 * Detected change in '/workspaces/Raspberry-PI-Ambilight-Flask/Ambilight_Flask/static/python/config.py', reloading
 * Detected change in '/workspaces/Raspberry-PI-Ambilight-Flask/Ambilight_Flask/static/python/config.py', reloading
 * Detected change in '/workspaces/Raspberry-PI-Ambilight-Flask/Ambilight_Flask/static/python/config.py', reloading
Received from: Unknown
 * Restarting with watchdog (inotify)
 * Debugger is active!
 * Debugger PIN: 436-295-801
 * Detected change in '/workspaces/Raspberry-PI-Ambilight-Flask/Ambilight_Flask/static/python/config.py', reloading
 * Detected change in '/workspaces/Raspberry-PI-Ambilight-Flask/Ambilight_Flask/static/python/config.py', reloading
 * Detected change in '/workspaces/Raspberry-PI-Ambilight-Flask/Ambilight_Flask/static/python/config.py', reloading
 * Restarting with watchdog (inotify)
 * Debugger is active!
 * Debugger PIN: 436-295-801
127.0.0.1 - - [06/Mar/2025 11:53:57] "GET /get-config HTTP/1.1" 200 -
 * Detected change in '/workspaces/Raspberry-PI-Ambilight-Flask/Ambilight_Flask/static/python/test.py', reloading
 * Detected change in '/workspaces/Raspberry-PI-Ambilight-Flask/Ambilight_Flask/static/python/test.py', reloading
 * Detected change in '/workspaces/Raspberry-PI-Ambilight-Flask/Ambilight_Flask/static/python/test.py', reloading
Received from: Unknown
 * Restarting with watchdog (inotify)
 * Debugger is active!
 * Debugger PIN: 436-295-801
 * Detected change in '/workspaces/Raspberry-PI-Ambilight-Flask/Ambilight_Flask/static/python/test.py', reloading
 * Detected change in '/workspaces/Raspberry-PI-Ambilight-Flask/Ambilight_Flask/static/python/test.py', reloading
 * Detected change in '/workspaces/Raspberry-PI-Ambilight-Flask/Ambilight_Flask/static/python/test.py', reloading
 * Restarting with watchdog (inotify)
 * Debugger is active!
 * Debugger PIN: 436-295-801
127.0.0.1 - - [06/Mar/2025 11:54:27] "GET /get-config HTTP/1.1" 200 -
 * Detected change in '/workspaces/Raspberry-PI-Ambilight-Flask/Ambilight_Flask/static/python/config.py', reloading
 * Detected change in '/workspaces/Raspberry-PI-Ambilight-Flask/Ambilight_Flask/static/python/config.py', reloading
 * Detected change in '/workspaces/Raspberry-PI-Ambilight-Flask/Ambilight_Flask/static/python/config.py', reloading
Received from: Unknown
 * Restarting with watchdog (inotify)
 * Debugger is active!
 * Debugger PIN: 436-295-801
 * Detected change in '/workspaces/Raspberry-PI-Ambilight-Flask/Ambilight_Flask/static/python/config.py', reloading
 * Detected change in '/workspaces/Raspberry-PI-Ambilight-Flask/Ambilight_Flask/static/python/config.py', reloading
 * Detected change in '/workspaces/Raspberry-PI-Ambilight-Flask/Ambilight_Flask/static/python/config.py', reloading
 * Restarting with watchdog (inotify)
 * Debugger is active!
 * Debugger PIN: 436-295-801
 * Detected change in '/workspaces/Raspberry-PI-Ambilight-Flask/Ambilight_Flask/static/python/config.py', reloading
 * Detected change in '/workspaces/Raspberry-PI-Ambilight-Flask/Ambilight_Flask/static/python/config.py', reloading
 * Detected change in '/workspaces/Raspberry-PI-Ambilight-Flask/Ambilight_Flask/static/python/config.py', reloading
 * Restarting with watchdog (inotify)
 * Debugger is active!
 * Debugger PIN: 436-295-801
 * Detected change in '/workspaces/Raspberry-PI-Ambilight-Flask/Ambilight_Flask/static/python/config.py', reloading
 * Detected change in '/workspaces/Raspberry-PI-Ambilight-Flask/Ambilight_Flask/static/python/config.py', reloading
 * Detected change in '/workspaces/Raspberry-PI-Ambilight-Flask/Ambilight_Flask/static/python/config.py', reloading
 * Restarting with watchdog (inotify)
 * Debugger is active!
 * Debugger PIN: 436-295-801
 * Detected change in '/workspaces/Raspberry-PI-Ambilight-Flask/Ambilight_Flask/static/python/config.py', reloading
 * Detected change in '/workspaces/Raspberry-PI-Ambilight-Flask/Ambilight_Flask/static/python/config.py', reloading
 * Detected change in '/workspaces/Raspberry-PI-Ambilight-Flask/Ambilight_Flask/static/python/config.py', reloading
 * Restarting with watchdog (inotify)
 * Debugger is active!
 * Debugger PIN: 436-295-801
 * Detected change in '/workspaces/Raspberry-PI-Ambilight-Flask/Ambilight_Flask/static/python/config.py', reloading
 * Detected change in '/workspaces/Raspberry-PI-Ambilight-Flask/Ambilight_Flask/static/python/config.py', reloading
 * Detected change in '/workspaces/Raspberry-PI-Ambilight-Flask/Ambilight_Flask/static/python/config.py', reloading
 * Restarting with watchdog (inotify)
 * Debugger is active!
 * Debugger PIN: 436-295-801
 * Detected change in '/workspaces/Raspberry-PI-Ambilight-Flask/Ambilight_Flask/static/python/config.py', reloading
 * Detected change in '/workspaces/Raspberry-PI-Ambilight-Flask/Ambilight_Flask/static/python/config.py', reloading
 * Detected change in '/workspaces/Raspberry-PI-Ambilight-Flask/Ambilight_Flask/static/python/config.py', reloading
 * Restarting with watchdog (inotify)
 * Debugger is active!
 * Debugger PIN: 436-295-801
 * Detected change in '/workspaces/Raspberry-PI-Ambilight-Flask/Ambilight_Flask/static/python/config.py', reloading
 * Detected change in '/workspaces/Raspberry-PI-Ambilight-Flask/Ambilight_Flask/static/python/config.py', reloading
 * Detected change in '/workspaces/Raspberry-PI-Ambilight-Flask/Ambilight_Flask/static/python/config.py', reloading
 * Restarting with watchdog (inotify)
 * Debugger is active!
 * Debugger PIN: 436-295-801
 * Detected change in '/workspaces/Raspberry-PI-Ambilight-Flask/Ambilight_Flask/static/python/config.py', reloading
 * Detected change in '/workspaces/Raspberry-PI-Ambilight-Flask/Ambilight_Flask/static/python/config.py', reloading
 * Detected change in '/workspaces/Raspberry-PI-Ambilight-Flask/Ambilight_Flask/static/python/config.py', reloading
 * Restarting with watchdog (inotify)
 * Debugger is active!
 * Debugger PIN: 436-295-801
127.0.0.1 - - [06/Mar/2025 11:55:56] "GET /get-config HTTP/1.1" 200 -
127.0.0.1 - - [06/Mar/2025 11:56:02] "GET /get-config HTTP/1.1" 200 -
 * Detected change in '/workspaces/Raspberry-PI-Ambilight-Flask/Ambilight_Flask/static/python/config.py', reloading
 * Detected change in '/workspaces/Raspberry-PI-Ambilight-Flask/Ambilight_Flask/static/python/config.py', reloading
 * Detected change in '/workspaces/Raspberry-PI-Ambilight-Flask/Ambilight_Flask/static/python/config.py', reloading
Received from: Unknown
Received from: Unknown
 * Restarting with watchdog (inotify)
 * Debugger is active!
 * Debugger PIN: 436-295-801
 * Detected change in '/workspaces/Raspberry-PI-Ambilight-Flask/Ambilight_Flask/static/python/config.py', reloading
 * Detected change in '/workspaces/Raspberry-PI-Ambilight-Flask/Ambilight_Flask/static/python/config.py', reloading
 * Restarting with watchdog (inotify)
 * Debugger is active!
 * Debugger PIN: 436-295-801
127.0.0.1 - - [06/Mar/2025 11:56:52] "GET /get-config HTTP/1.1" 200 -
127.0.0.1 - - [06/Mar/2025 11:57:00] "GET /get-config HTTP/1.1" 200 -
127.0.0.1 - - [06/Mar/2025 11:57:00] "GET /get-config HTTP/1.1" 200 -
127.0.0.1 - - [06/Mar/2025 11:57:00] "GET /get-config HTTP/1.1" 200 -
 * Detected change in '/workspaces/Raspberry-PI-Ambilight-Flask/Ambilight_Flask/static/python/test.py', reloading
Received from: Unknown
Received from: Unknown
Received from: Unknown
Received from: Unknown
 * Restarting with watchdog (inotify)
 * Debugger is active!
 * Debugger PIN: 436-295-801
 * Detected change in '/workspaces/Raspberry-PI-Ambilight-Flask/Ambilight_Flask/static/python/test.py', reloading
 * Detected change in '/workspaces/Raspberry-PI-Ambilight-Flask/Ambilight_Flask/static/python/test.py', reloading
 * Detected change in '/workspaces/Raspberry-PI-Ambilight-Flask/Ambilight_Flask/static/python/test.py', reloading
 * Restarting with watchdog (inotify)
 * Debugger is active!
 * Debugger PIN: 436-295-801
127.0.0.1 - - [06/Mar/2025 11:57:25] "GET /get-config HTTP/1.1" 200 -
127.0.0.1 - - [06/Mar/2025 11:57:33] "GET /get-config HTTP/1.1" 200 -
127.0.0.1 - - [06/Mar/2025 11:57:33] "GET /get-config HTTP/1.1" 200 -
127.0.0.1 - - [06/Mar/2025 11:57:33] "GET /get-config HTTP/1.1" 200 -
127.0.0.1 - - [06/Mar/2025 11:57:38] "GET /get-config HTTP/1.1" 200 -
127.0.0.1 - - [06/Mar/2025 11:57:38] "GET /get-config HTTP/1.1" 200 -
